<?xml version="1.0" encoding="utf-8"?><testsuites name="pytest tests"><testsuite name="pytest" errors="0" failures="0" skipped="0" tests="65" time="26.050" timestamp="2026-09-21T19:08:49.048900+00:00" hostname="samescale-dev-tw-01"><testcase classname="tests.test_s2_offline_replay" name="test_real_runs_are_reconstructed_without_execution" time="0.470" /><testcase classname="tests.test_s2_offline_replay" name="test_diff_is_repeatable_and_keeps_limits" time="0.550" /><testcase classname="tests.test_s2_offline_replay" name="test_integrity_drift_fails_closed[missing-codex-run/manifest.json]" time="0.050" /><testcase classname="tests.test_s2_offline_replay" name="test_integrity_drift_fails_closed[missing-codex-run/native/codex.sanitized.jsonl]" time="0.050" /><testcase classname="tests.test_s2_offline_replay" name="test_integrity_drift_fails_closed[missing-codex-run/trace/normalized.json]" time="0.050" /><testcase classname="tests.test_s2_offline_replay" name="test_integrity_drift_fails_closed[missing-codex-run/verifier/stdout.txt]" time="0.050" /><testcase classname="tests.test_s2_offline_replay" name="test_integrity_drift_fails_closed[missing-codex-run/workspace/frontend/src/stores/taskEvents.ts]" time="0.051" /><testcase classname="tests.test_s2_offline_replay" name="test_integrity_drift_fails_closed[missing-codex-baseline/frontend/src/stores/taskEvents.ts]" time="0.050" /><testcase classname="tests.test_s2_offline_replay" name="test_integrity_drift_fails_closed[missing-codex-receipt.json]" time="0.053" /><testcase classname="tests.test_s2_offline_replay" name="test_integrity_drift_fails_closed[missing-claude-run/native/claude-code.sanitized.jsonl]" time="0.036" /><testcase classname="tests.test_s2_offline_replay" name="test_integrity_drift_fails_closed[missing-claude-post-stop-cleanup.json]" time="0.037" /><testcase classname="tests.test_s2_offline_replay" name="test_integrity_drift_fails_closed[tampered-codex-run/manifest.json]" time="0.063" /><testcase classname="tests.test_s2_offline_replay" name="test_integrity_drift_fails_closed[tampered-codex-run/native/codex.sanitized.jsonl]" time="0.066" /><testcase classname="tests.test_s2_offline_replay" name="test_integrity_drift_fails_closed[tampered-codex-run/trace/normalized.json]" time="0.072" /><testcase classname="tests.test_s2_offline_replay" name="test_integrity_drift_fails_closed[tampered-codex-run/verifier/stdout.txt]" time="0.071" /><testcase classname="tests.test_s2_offline_replay" name="test_integrity_drift_fails_closed[tampered-codex-run/workspace/frontend/src/stores/taskEvents.ts]" time="0.086" /><testcase classname="tests.test_s2_offline_replay" name="test_integrity_drift_fails_closed[tampered-codex-baseline/frontend/src/stores/taskEvents.ts]" time="0.061" /><testcase classname="tests.test_s2_offline_replay" name="test_integrity_drift_fails_closed[tampered-codex-receipt.json]" time="0.064" /><testcase classname="tests.test_s2_offline_replay" name="test_integrity_drift_fails_closed[tampered-claude-run/native/claude-code.sanitized.jsonl]" time="0.047" /><testcase classname="tests.test_s2_offline_replay" name="test_integrity_drift_fails_closed[tampered-claude-post-stop-cleanup.json]" time="0.046" /><testcase classname="tests.test_s2_offline_replay" name="test_inventory_and_trust_anchor_fail_closed[extra]" time="0.053" /><testcase classname="tests.test_s2_offline_replay" name="test_inventory_and_trust_anchor_fail_closed[symlink]" time="0.036" /><testcase classname="tests.test_s2_offline_replay" name="test_inventory_and_trust_anchor_fail_closed[anchor]" time="0.038" /><testcase classname="tests.test_s2_offline_replay" name="test_inventory_and_trust_anchor_fail_closed[duplicate_json]" time="0.038" /><testcase classname="tests.test_s2_offline_replay" name="test_inventory_and_trust_anchor_fail_closed[path_escape]" time="0.056" /><testcase classname="tests.test_s2_offline_replay" name="test_semantic_contradictions_fail_even_with_reanchored_inventory[false_success]" time="0.149" /><testcase classname="tests.test_s2_offline_replay" name="test_semantic_contradictions_fail_even_with_reanchored_inventory[usage]" time="0.167" /><testcase classname="tests.test_s2_offline_replay" name="test_semantic_contradictions_fail_even_with_reanchored_inventory[changed_files]" time="0.180" /><testcase classname="tests.test_s2_offline_replay" name="test_semantic_contradictions_fail_even_with_reanchored_inventory[native_trace]" time="0.185" /><testcase classname="tests.test_s2_offline_replay" name="test_semantic_contradictions_fail_even_with_reanchored_inventory[zero_checks]" time="0.191" /><testcase classname="tests.test_s2_offline_replay" name="test_semantic_contradictions_fail_even_with_reanchored_inventory[check_failure]" time="0.191" /><testcase classname="tests.test_s2_offline_replay" name="test_semantic_contradictions_fail_even_with_reanchored_inventory[verifier_timeout]" time="0.211" /><testcase classname="tests.test_s2_offline_replay" name="test_semantic_contradictions_fail_even_with_reanchored_inventory[baseline]" time="0.144" /><testcase classname="tests.test_s2_offline_replay" name="test_semantic_contradictions_fail_even_with_reanchored_inventory[terminal]" time="0.171" /><testcase classname="tests.test_s2_offline_replay" name="test_semantic_contradictions_fail_even_with_reanchored_inventory[cleanup]" time="0.141" /><testcase classname="tests.test_s2_offline_replay" name="test_semantic_contradictions_fail_even_with_reanchored_inventory[secret_audit]" time="0.141" /><testcase classname="tests.test_s2_offline_replay" name="test_semantic_contradictions_fail_even_with_reanchored_inventory[duplicate_ordinal]" time="0.181" /><testcase classname="tests.test_s2_offline_replay" name="test_different_task_or_duplicate_run_cannot_be_compared" time="0.314" /><testcase classname="tests.test_s2_offline_replay" name="test_cli_atomic_fail_closed" time="5.309" /><testcase classname="tests.test_s2_offline_replay" name="test_cli_offline_guard_rejects_network_and_processes" time="5.107" /><testcase classname="tests.test_s2_offline_replay" name="test_non_finite_json_is_rejected[{&quot;x&quot;:NaN}]" time="0.001" /><testcase classname="tests.test_s2_offline_replay" name="test_non_finite_json_is_rejected[{&quot;x&quot;:Infinity}]" time="0.001" /><testcase classname="tests.test_s2_offline_replay" name="test_non_finite_json_is_rejected[{&quot;x&quot;:-Infinity}]" time="0.001" /><testcase classname="tests.test_s2_offline_replay" name="test_cli_refuses_output_inside_immutable_bundle" time="5.118" /><testcase classname="tests.test_s3_ci_regression" name="test_golden_rejects_semantic_regressions[schema_version-2]" time="0.003" /><testcase classname="tests.test_s3_ci_regression" name="test_golden_rejects_semantic_regressions[changed_files-value1]" time="0.002" /><testcase classname="tests.test_s3_ci_regression" name="test_golden_rejects_semantic_regressions[file_access-value2]" time="0.002" /><testcase classname="tests.test_s3_ci_regression" name="test_golden_rejects_semantic_regressions[trace-value3]" time="0.002" /><testcase classname="tests.test_s3_ci_regression" name="test_golden_rejects_semantic_regressions[completion_failure-value4]" time="0.002" /><testcase classname="tests.test_s3_ci_regression" name="test_golden_rejects_semantic_regressions[verification-value5]" time="0.003" /><testcase classname="tests.test_s3_ci_regression" name="test_golden_rejects_semantic_regressions[duration_usage-value6]" time="0.003" /><testcase classname="tests.test_s3_ci_regression" name="test_parser_mutation_fails_closed[codex]" time="0.203" /><testcase classname="tests.test_s3_ci_regression" name="test_parser_mutation_fails_closed[claude]" time="0.292" /><testcase classname="tests.test_s3_ci_regression" name="test_schema_and_taxonomy_drift_fail_closed[schema]" time="0.128" /><testcase classname="tests.test_s3_ci_regression" name="test_schema_and_taxonomy_drift_fail_closed[taxonomy]" time="0.113" /><testcase classname="tests.test_s3_ci_regression" name="test_schema_and_taxonomy_drift_fail_closed[attribution]" time="0.114" /><testcase classname="tests.test_s3_ci_regression" name="test_output_inventory_is_frozen[missing]" time="0.002" /><testcase classname="tests.test_s3_ci_regression" name="test_output_inventory_is_frozen[extra]" time="0.002" /><testcase classname="tests.test_s3_ci_regression" name="test_output_inventory_is_frozen[digest]" time="0.002" /><testcase classname="tests.test_s3_ci_regression" name="test_archive_drift_rejected_before_extraction" time="0.002" /><testcase classname="tests.test_s3_ci_regression" name="test_missing_or_nonpassing_test_evidence_is_not_pass[]" time="0.002" /><testcase classname="tests.test_s3_ci_regression" name="test_missing_or_nonpassing_test_evidence_is_not_pass[&lt;skipped/&gt;]" time="0.002" /><testcase classname="tests.test_s3_ci_regression" name="test_missing_or_nonpassing_test_evidence_is_not_pass[&lt;failure/&gt;]" time="0.002" /><testcase classname="tests.test_s3_ci_regression" name="test_missing_or_nonpassing_test_evidence_is_not_pass[&lt;error/&gt;]" time="0.001" /><testcase classname="tests.test_s3_ci_regression" name="test_workflow_uses_offline_entry_without_execution_credentials" time="0.004" /></testsuite></testsuites>