{"numTotalTestSuites":3,"numPassedTestSuites":0,"numFailedTestSuites":3,"numPendingTestSuites":0,"numTotalTests":22,"numPassedTests":12,"numFailedTests":10,"numPendingTests":0,"numTodoTests":0,"snapshot":{"added":0,"failure":false,"filesAdded":0,"filesRemoved":0,"filesRemovedList":[],"filesUnmatched":0,"filesUpdated":0,"matched":0,"total":0,"unchecked":0,"uncheckedKeysByFile":[],"unmatched":0,"updated":0,"didUpdate":false},"startTime":1789969462307,"success":false,"testResults":[{"assertionResults":[{"ancestorTitles":["supplemental detail"],"fullName":"supplemental detail A4/A7 guaranteed valid BCP47 en-x-demo","status":"failed","title":"A4/A7 guaranteed valid BCP47 en-x-demo","duration":54.578406000000086,"failureMessages":["AssertionError: expected 'und' to be 'en-x-demo' // Object.is equality\n    at /tmp/ll-supplement-dmtq81yz/frontend/.qualification/contract.test.ts:78:72\n    at file:///opt/ll-deps/node_modules/@vitest/runner/dist/chunk-artifact.js:1903:20"],"meta":{},"tags":[]},{"ancestorTitles":["supplemental detail"],"fullName":"supplemental detail A4/A7 guaranteed valid BCP47 de-DE-x-goethe","status":"failed","title":"A4/A7 guaranteed valid BCP47 de-DE-x-goethe","duration":12.753628999999819,"failureMessages":["AssertionError: expected 'und' to be 'de-de-x-goethe' // Object.is equality\n    at /tmp/ll-supplement-dmtq81yz/frontend/.qualification/contract.test.ts:78:72\n    at file:///opt/ll-deps/node_modules/@vitest/runner/dist/chunk-artifact.js:1903:20"],"meta":{},"tags":[]},{"ancestorTitles":["supplemental detail"],"fullName":"supplemental detail A4/A7 guaranteed valid BCP47 en-US-x-a","status":"failed","title":"A4/A7 guaranteed valid BCP47 en-US-x-a","duration":11.081169000000045,"failureMessages":["AssertionError: expected 'und' to be 'en-us-x-a' // Object.is equality\n    at /tmp/ll-supplement-dmtq81yz/frontend/.qualification/contract.test.ts:78:72\n    at file:///opt/ll-deps/node_modules/@vitest/runner/dist/chunk-artifact.js:1903:20"],"meta":{},"tags":[]},{"ancestorTitles":["supplemental detail"],"fullName":"supplemental detail A4/A7 guaranteed valid BCP47 x-demo","status":"failed","title":"A4/A7 guaranteed valid BCP47 x-demo","duration":10.222220000000107,"failureMessages":["AssertionError: expected 'und' to be 'x-demo' // Object.is equality\n    at /tmp/ll-supplement-dmtq81yz/frontend/.qualification/contract.test.ts:78:72\n    at file:///opt/ll-deps/node_modules/@vitest/runner/dist/chunk-artifact.js:1903:20"],"meta":{},"tags":[]},{"ancestorTitles":["supplemental detail"],"fullName":"supplemental detail A4/A7 guaranteed valid BCP47 en-u-ca-gregory","status":"passed","title":"A4/A7 guaranteed valid BCP47 en-u-ca-gregory","duration":8.94030900000007,"failureMessages":[],"meta":{},"tags":[]},{"ancestorTitles":["supplemental detail"],"fullName":"supplemental detail A4/A7 guaranteed valid BCP47 en-US-u-ca-gregory-x-demo","status":"failed","title":"A4/A7 guaranteed valid BCP47 en-US-u-ca-gregory-x-demo","duration":9.017679000000044,"failureMessages":["AssertionError: expected 'und' to be 'en-us-u-ca-gregory-x-demo' // Object.is equality\n    at /tmp/ll-supplement-dmtq81yz/frontend/.qualification/contract.test.ts:78:72\n    at file:///opt/ll-deps/node_modules/@vitest/runner/dist/chunk-artifact.js:1903:20"],"meta":{},"tags":[]},{"ancestorTitles":["supplemental detail"],"fullName":"supplemental detail A4/A7 guaranteed valid BCP47 zh-Hant-TW","status":"passed","title":"A4/A7 guaranteed valid BCP47 zh-Hant-TW","duration":7.579658999999992,"failureMessages":[],"meta":{},"tags":[]},{"ancestorTitles":["supplemental detail"],"fullName":"supplemental detail A5/A6/A7 loaded resource switch clears old text and visible language until new download","status":"passed","title":"A5/A6/A7 loaded resource switch clears old text and visible language until new download","duration":19.863068999999996,"failureMessages":[],"meta":{},"tags":[]},{"ancestorTitles":["supplemental detail"],"fullName":"supplemental detail A6/A7 late failed old probe cannot clear new subtitles","status":"passed","title":"A6/A7 late failed old probe cannot clear new subtitles","duration":18.09995899999967,"failureMessages":[],"meta":{},"tags":[]},{"ancestorTitles":["supplemental detail"],"fullName":"supplemental detail A5/A6/A7 refresh clears old text and visible language before probe completes","status":"passed","title":"A5/A6/A7 refresh clears old text and visible language before probe completes","duration":13.663739000000078,"failureMessages":[],"meta":{},"tags":[]},{"ancestorTitles":["supplemental detail"],"fullName":"supplemental detail A6/A7 newer refresh wins over late successful older refresh","status":"passed","title":"A6/A7 newer refresh wins over late successful older refresh","duration":14.64886899999965,"failureMessages":[],"meta":{},"tags":[]},{"ancestorTitles":["supplemental upload"],"fullName":"supplemental upload A4/A7 guaranteed valid BCP47 en-x-demo","status":"failed","title":"A4/A7 guaranteed valid BCP47 en-x-demo","duration":12.590798999999606,"failureMessages":["AssertionError: expected 'und' to be 'en-x-demo' // Object.is equality\n    at /tmp/ll-supplement-dmtq81yz/frontend/.qualification/contract.test.ts:78:72\n    at file:///opt/ll-deps/node_modules/@vitest/runner/dist/chunk-artifact.js:1903:20"],"meta":{},"tags":[]},{"ancestorTitles":["supplemental upload"],"fullName":"supplemental upload A4/A7 guaranteed valid BCP47 de-DE-x-goethe","status":"failed","title":"A4/A7 guaranteed valid BCP47 de-DE-x-goethe","duration":7.05226999999968,"failureMessages":["AssertionError: expected 'und' to be 'de-de-x-goethe' // Object.is equality\n    at /tmp/ll-supplement-dmtq81yz/frontend/.qualification/contract.test.ts:78:72\n    at file:///opt/ll-deps/node_modules/@vitest/runner/dist/chunk-artifact.js:1903:20"],"meta":{},"tags":[]},{"ancestorTitles":["supplemental upload"],"fullName":"supplemental upload A4/A7 guaranteed valid BCP47 en-US-x-a","status":"failed","title":"A4/A7 guaranteed valid BCP47 en-US-x-a","duration":12.947089000000233,"failureMessages":["AssertionError: expected 'und' to be 'en-us-x-a' // Object.is equality\n    at /tmp/ll-supplement-dmtq81yz/frontend/.qualification/contract.test.ts:78:72\n    at file:///opt/ll-deps/node_modules/@vitest/runner/dist/chunk-artifact.js:1903:20"],"meta":{},"tags":[]},{"ancestorTitles":["supplemental upload"],"fullName":"supplemental upload A4/A7 guaranteed valid BCP47 x-demo","status":"failed","title":"A4/A7 guaranteed valid BCP47 x-demo","duration":5.907070000000203,"failureMessages":["AssertionError: expected 'und' to be 'x-demo' // Object.is equality\n    at /tmp/ll-supplement-dmtq81yz/frontend/.qualification/contract.test.ts:78:72\n    at file:///opt/ll-deps/node_modules/@vitest/runner/dist/chunk-artifact.js:1903:20"],"meta":{},"tags":[]},{"ancestorTitles":["supplemental upload"],"fullName":"supplemental upload A4/A7 guaranteed valid BCP47 en-u-ca-gregory","status":"passed","title":"A4/A7 guaranteed valid BCP47 en-u-ca-gregory","duration":5.845489000000271,"failureMessages":[],"meta":{},"tags":[]},{"ancestorTitles":["supplemental upload"],"fullName":"supplemental upload A4/A7 guaranteed valid BCP47 en-US-u-ca-gregory-x-demo","status":"failed","title":"A4/A7 guaranteed valid BCP47 en-US-u-ca-gregory-x-demo","duration":5.636449999999968,"failureMessages":["AssertionError: expected 'und' to be 'en-us-u-ca-gregory-x-demo' // Object.is equality\n    at /tmp/ll-supplement-dmtq81yz/frontend/.qualification/contract.test.ts:78:72\n    at file:///opt/ll-deps/node_modules/@vitest/runner/dist/chunk-artifact.js:1903:20"],"meta":{},"tags":[]},{"ancestorTitles":["supplemental upload"],"fullName":"supplemental upload A4/A7 guaranteed valid BCP47 zh-Hant-TW","status":"passed","title":"A4/A7 guaranteed valid BCP47 zh-Hant-TW","duration":4.853939000000082,"failureMessages":[],"meta":{},"tags":[]},{"ancestorTitles":["supplemental upload"],"fullName":"supplemental upload A5/A6/A7 loaded resource switch clears old text and visible language until new download","status":"passed","title":"A5/A6/A7 loaded resource switch clears old text and visible language until new download","duration":6.585250000000087,"failureMessages":[],"meta":{},"tags":[]},{"ancestorTitles":["supplemental upload"],"fullName":"supplemental upload A6/A7 late failed old probe cannot clear new subtitles","status":"passed","title":"A6/A7 late failed old probe cannot clear new subtitles","duration":5.393579000000045,"failureMessages":[],"meta":{},"tags":[]},{"ancestorTitles":["supplemental upload"],"fullName":"supplemental upload A5/A6/A7 refresh clears old text and visible language before probe completes","status":"passed","title":"A5/A6/A7 refresh clears old text and visible language before probe completes","duration":7.084179999999833,"failureMessages":[],"meta":{},"tags":[]},{"ancestorTitles":["supplemental upload"],"fullName":"supplemental upload A6/A7 newer refresh wins over late successful older refresh","status":"passed","title":"A6/A7 newer refresh wins over late successful older refresh","duration":11.212249000000156,"failureMessages":[],"meta":{},"tags":[]}],"startTime":1789969464568,"endTime":1789969464834.2122,"status":"failed","message":"","name":"/tmp/ll-supplement-dmtq81yz/frontend/.qualification/contract.test.ts"}]}